<?xml version="1.0" encoding="UTF-8"?>
<!-- Generated by org.testng.reporters.JUnitReportReporter -->
<testsuite hostname="DESKTOP-CGKPDK3" failures="0" tests="1" name="walletHub_Test.TestInsurance_Test" time="3.474" errors="0" timestamp="18 Jul 2023 19:26:20 GMT" skipped="0">
  <testcase classname="walletHub_Test.TestInsurance_Test" name="clickOnStar" time="3.474"/>
</testsuite> <!-- walletHub_Test.TestInsurance_Test -->
