<?xml version="1.0" encoding="UTF-8"?>
<!-- Generated by org.testng.reporters.JUnitReportReporter -->
<testsuite hostname="DESKTOP-CGKPDK3" failures="0" tests="3" name="walletHub_Test.Submit_Test" time="1.158" errors="0" timestamp="19 Jul 2023 06:54:47 GMT" skipped="0">
  <testcase classname="walletHub_Test.Submit_Test" name="clickOnStar5" time="0.176"/>
  <testcase classname="walletHub_Test.Submit_Test" name="dropDown" time="0.278"/>
  <testcase classname="walletHub_Test.Submit_Test" name="review" time="0.704"/>
</testsuite> <!-- walletHub_Test.Submit_Test -->
