<?xml version="1.0" encoding="UTF-8"?>
<!-- Generated by org.testng.reporters.JUnitReportReporter -->
<testsuite hostname="DESKTOP-CGKPDK3" failures="0" tests="1" name="walletHub_Test.Login_Test" time="16.050" errors="0" timestamp="19 Jul 2023 06:54:47 GMT" skipped="0">
  <testcase classname="walletHub_Test.Login_Test" name="login" time="16.050"/>
</testsuite> <!-- walletHub_Test.Login_Test -->
